Sun Jun 13 16:52:40 2021       
+-----------------------------------------------------------------------------+
| NVIDIA-SMI 450.80.02    Driver Version: 450.80.02    CUDA Version: 11.0     |
|-------------------------------+----------------------+----------------------+
| GPU  Name        Persistence-M| Bus-Id        Disp.A | Volatile Uncorr. ECC |
| Fan  Temp  Perf  Pwr:Usage/Cap|         Memory-Usage | GPU-Util  Compute M. |
|                               |                      |               MIG M. |
|===============================+======================+======================|
|   0  GeForce GTX 106...  Off  | 00000000:84:00.0 Off |                  N/A |
| 31%   45C    P8     7W / 120W |      0MiB /  6078MiB |      0%      Default |
|                               |                      |                  N/A |
+-------------------------------+----------------------+----------------------+
                                                                               
+-----------------------------------------------------------------------------+
| Processes:                                                                  |
|  GPU   GI   CI        PID   Type   Process name                  GPU Memory |
|        ID   ID                                                   Usage      |
|=============================================================================|
|  No running processes found                                                 |
+-----------------------------------------------------------------------------+
0
Conda environment fs2 activated
  0%|          | 0/3 [00:00<?, ?it/s] 67%|██████▋   | 2/3 [19:31<09:45, 585.99s/it] 67%|██████▋   | 2/3 [19:31<09:45, 585.99s/it]
Processing Data ...
speaker: .git
speaker: zilberberg
speaker: .gitignore
Traceback (most recent call last):
  File "/home/s2122322/FastSpeech2/preprocess.py", line 15, in <module>
    preprocessor.build_from_path()
  File "/home/s2122322/FastSpeech2/preprocessor/preprocessor.py", line 70, in build_from_path
    for wav_name in os.listdir(os.path.join(self.in_dir, speaker)):
NotADirectoryError: [Errno 20] Not a directory: '../Herbikher/.gitignore'
