Sun Jun 13 17:22:24 2021       
+-----------------------------------------------------------------------------+
| NVIDIA-SMI 450.80.02    Driver Version: 450.80.02    CUDA Version: 11.0     |
|-------------------------------+----------------------+----------------------+
| GPU  Name        Persistence-M| Bus-Id        Disp.A | Volatile Uncorr. ECC |
| Fan  Temp  Perf  Pwr:Usage/Cap|         Memory-Usage | GPU-Util  Compute M. |
|                               |                      |               MIG M. |
|===============================+======================+======================|
|   0  GeForce GTX 106...  Off  | 00000000:04:00.0 Off |                  N/A |
| 29%   30C    P8     5W / 120W |      0MiB /  6078MiB |      0%      Default |
|                               |                      |                  N/A |
+-------------------------------+----------------------+----------------------+
                                                                               
+-----------------------------------------------------------------------------+
| Processes:                                                                  |
|  GPU   GI   CI        PID   Type   Process name                  GPU Memory |
|        ID   ID                                                   Usage      |
|=============================================================================|
|  No running processes found                                                 |
+-----------------------------------------------------------------------------+
0
Conda environment fs2 activated
  0%|          | 0/3 [00:00<?, ?it/s] 67%|██████▋   | 2/3 [19:38<09:49, 589.01s/it]100%|██████████| 3/3 [19:38<00:00, 392.67s/it]
Processing Data ...
speaker: zilberberg
Computing statistic quantities ...
Total time: 3.3035803476946337 hours
